Determining if the pthread_create exist failed with the following output:
Change Dir: /home/turtlebot/summer_project/collision_avoidance/build/CMakeFiles/CMakeTmp

Run Build Command:/usr/bin/make "cmTryCompileExec1257422244/fast"
/usr/bin/make -f CMakeFiles/cmTryCompileExec1257422244.dir/build.make CMakeFiles/cmTryCompileExec1257422244.dir/build
make[1]: Entering directory `/home/turtlebot/summer_project/collision_avoidance/build/CMakeFiles/CMakeTmp'
/usr/bin/cmake -E cmake_progress_report /home/turtlebot/summer_project/collision_avoidance/build/CMakeFiles/CMakeTmp/CMakeFiles 1
Building C object CMakeFiles/cmTryCompileExec1257422244.dir/CheckSymbolExists.c.o
/usr/bin/cc    -o CMakeFiles/cmTryCompileExec1257422244.dir/CheckSymbolExists.c.o   -c /home/turtlebot/summer_project/collision_avoidance/build/CMakeFiles/CMakeTmp/CheckSymbolExists.c
Linking C executable cmTryCompileExec1257422244
/usr/bin/cmake -E cmake_link_script CMakeFiles/cmTryCompileExec1257422244.dir/link.txt --verbose=1
/usr/bin/cc       CMakeFiles/cmTryCompileExec1257422244.dir/CheckSymbolExists.c.o  -o cmTryCompileExec1257422244 -rdynamic 
CMakeFiles/cmTryCompileExec1257422244.dir/CheckSymbolExists.c.o: In function `main':
CheckSymbolExists.c:(.text+0x16): undefined reference to `pthread_create'
collect2: error: ld returned 1 exit status
make[1]: *** [cmTryCompileExec1257422244] Error 1
make[1]: Leaving directory `/home/turtlebot/summer_project/collision_avoidance/build/CMakeFiles/CMakeTmp'
make: *** [cmTryCompileExec1257422244/fast] Error 2

File /home/turtlebot/summer_project/collision_avoidance/build/CMakeFiles/CMakeTmp/CheckSymbolExists.c:
/* */
#include <pthread.h>

int main(int argc, char** argv)
{
  (void)argv;
#ifndef pthread_create
  return ((int*)(&pthread_create))[argc];
#else
  (void)argc;
  return 0;
#endif
}

Determining if the function pthread_create exists in the pthreads failed with the following output:
Change Dir: /home/turtlebot/summer_project/collision_avoidance/build/CMakeFiles/CMakeTmp

Run Build Command:/usr/bin/make "cmTryCompileExec1816312374/fast"
/usr/bin/make -f CMakeFiles/cmTryCompileExec1816312374.dir/build.make CMakeFiles/cmTryCompileExec1816312374.dir/build
make[1]: Entering directory `/home/turtlebot/summer_project/collision_avoidance/build/CMakeFiles/CMakeTmp'
/usr/bin/cmake -E cmake_progress_report /home/turtlebot/summer_project/collision_avoidance/build/CMakeFiles/CMakeTmp/CMakeFiles 1
Building C object CMakeFiles/cmTryCompileExec1816312374.dir/CheckFunctionExists.c.o
/usr/bin/cc   -DCHECK_FUNCTION_EXISTS=pthread_create   -o CMakeFiles/cmTryCompileExec1816312374.dir/CheckFunctionExists.c.o   -c /usr/share/cmake-2.8/Modules/CheckFunctionExists.c
Linking C executable cmTryCompileExec1816312374
/usr/bin/cmake -E cmake_link_script CMakeFiles/cmTryCompileExec1816312374.dir/link.txt --verbose=1
/usr/bin/cc   -DCHECK_FUNCTION_EXISTS=pthread_create    CMakeFiles/cmTryCompileExec1816312374.dir/CheckFunctionExists.c.o  -o cmTryCompileExec1816312374 -rdynamic -lpthreads 
/usr/bin/ld: cannot find -lpthreads
collect2: error: ld returned 1 exit status
make[1]: *** [cmTryCompileExec1816312374] Error 1
make[1]: Leaving directory `/home/turtlebot/summer_project/collision_avoidance/build/CMakeFiles/CMakeTmp'
make: *** [cmTryCompileExec1816312374/fast] Error 2


